<?xml version="1.0" encoding="UTF-8"?>
<testng-results ignored="0" total="1" passed="1" failed="0" skipped="0">
  <reporter-output>
  </reporter-output>
  <suite started-at="2022-09-23T08:56:05Z" name="Default suite" finished-at="2022-09-23T08:56:08Z" duration-ms="2293">
    <groups>
    </groups>
    <test started-at="2022-09-23T08:56:05Z" name="Default test" finished-at="2022-09-23T08:56:08Z" duration-ms="2293">
      <class name="test.QDJarTes.PDFTest">
        <test-method signature="test()[pri:0, instance:test.QDJarTes.PDFTest@135606db]" started-at="2022-09-23T08:56:05Z" name="test" finished-at="2022-09-23T08:56:08Z" duration-ms="2262" status="PASS">
          <reporter-output>
          </reporter-output>
        </test-method> <!-- test -->
      </class> <!-- test.QDJarTes.PDFTest -->
    </test> <!-- Default test -->
  </suite> <!-- Default suite -->
</testng-results>
